# JRE version: OpenJDK Runtime Environment (17.0.11) (build 17.0.11+0--11852314)
# Java VM: OpenJDK 64-Bit Server VM (17.0.11+0--11852314, mixed mode, tiered, compressed oops, compressed class ptrs, g1 gc, windows-amd64)
GC Precious Log:
 CPUs: 8 total, 8 available
 Memory: 8129M
 Large Page Support: Disabled
 NUMA Support: Disabled
 Compressed Oops: Enabled (Zero based)
 Heap Region Size: 2M
 Heap Min Capacity: 8M
 Heap Initial Capacity: 128M
 Heap Max Capacity: 4G
 Pre-touch: Disabled
 Parallel Workers: 8
 Concurrent Workers: 2
 Concurrent Refinement Workers: 8
 Periodic GC: Disabled
Heap:
 garbage-first heap   total 585728K, used 248158K [0x0000000700000000, 0x0000000800000000)
  region size 2048K, 4 young (8192K), 4 survivors (8192K)
 Metaspace       used 206570K, committed 207680K, reserved 1245184K
  class space    used 26731K, committed 27264K, reserved 1048576K
GC Heap History (20 events):
Event: 11802.313 GC heap after
{Heap after GC invocations=75 (full 0):
 garbage-first heap   total 585728K, used 253123K [0x0000000700000000, 0x0000000800000000)
  region size 2048K, 9 young (18432K), 9 survivors (18432K)
 Metaspace       used 139053K, committed 140608K, reserved 1179648K
  class space    used 18959K, committed 19648K, reserved 1048576K
}
Event: 11804.294 GC heap before
{Heap before GC invocations=76 (full 0):
 garbage-first heap   total 585728K, used 488643K [0x0000000700000000, 0x0000000800000000)
  region size 2048K, 121 young (247808K), 9 survivors (18432K)
 Metaspace       used 157077K, committed 158464K, reserved 1245184K
  class space    used 21618K, committed 22208K, reserved 1048576K
}
Event: 11804.316 GC heap after
{Heap after GC invocations=77 (full 0):
 garbage-first heap   total 585728K, used 270668K [0x0000000700000000, 0x0000000800000000)
  region size 2048K, 14 young (28672K), 14 survivors (28672K)
 Metaspace       used 157077K, committed 158464K, reserved 1245184K
  class space    used 21618K, committed 22208K, reserved 1048576K
}
Event: 11804.322 GC heap before
{Heap before GC invocations=77 (full 0):
 garbage-first heap   total 585728K, used 272716K [0x0000000700000000, 0x0000000800000000)
  region size 2048K, 15 young (30720K), 14 survivors (28672K)
 Metaspace       used 157077K, committed 158464K, reserved 1245184K
  class space    used 21618K, committed 22208K, reserved 1048576K
}
Event: 11804.545 GC heap after
{Heap after GC invocations=78 (full 0):
 garbage-first heap   total 585728K, used 233713K [0x0000000700000000, 0x0000000800000000)
  region size 2048K, 2 young (4096K), 2 survivors (4096K)
 Metaspace       used 157077K, committed 158464K, reserved 1245184K
  class space    used 21618K, committed 22208K, reserved 1048576K
}
Event: 11804.649 GC heap before
{Heap before GC invocations=78 (full 0):
 garbage-first heap   total 585728K, used 256241K [0x0000000700000000, 0x0000000800000000)
  region size 2048K, 14 young (28672K), 2 survivors (4096K)
 Metaspace       used 157197K, committed 158592K, reserved 1245184K
  class space    used 21624K, committed 22208K, reserved 1048576K
}
Event: 11804.663 GC heap after
{Heap after GC invocations=79 (full 0):
 garbage-first heap   total 585728K, used 235520K [0x0000000700000000, 0x0000000800000000)
  region size 2048K, 2 young (4096K), 2 survivors (4096K)
 Metaspace       used 157197K, committed 158592K, reserved 1245184K
  class space    used 21624K, committed 22208K, reserved 1048576K
}
Event: 11805.198 GC heap before
{Heap before GC invocations=79 (full 0):
 garbage-first heap   total 585728K, used 325632K [0x0000000700000000, 0x0000000800000000)
  region size 2048K, 47 young (96256K), 2 survivors (4096K)
 Metaspace       used 161360K, committed 162688K, reserved 1245184K
  class space    used 22120K, committed 22720K, reserved 1048576K
}
Event: 11805.211 GC heap after
{Heap after GC invocations=80 (full 0):
 garbage-first heap   total 585728K, used 252337K [0x0000000700000000, 0x0000000800000000)
  region size 2048K, 11 young (22528K), 11 survivors (22528K)
 Metaspace       used 161360K, committed 162688K, reserved 1245184K
  class space    used 22120K, committed 22720K, reserved 1048576K
}
Event: 11806.767 GC heap before
{Heap before GC invocations=81 (full 0):
 garbage-first heap   total 585728K, used 430513K [0x0000000700000000, 0x0000000800000000)
  region size 2048K, 105 young (215040K), 11 survivors (22528K)
 Metaspace       used 176398K, committed 177536K, reserved 1245184K
  class space    used 23731K, committed 24256K, reserved 1048576K
}
Event: 11806.787 GC heap after
{Heap after GC invocations=82 (full 0):
 garbage-first heap   total 585728K, used 240495K [0x0000000700000000, 0x0000000800000000)
  region size 2048K, 7 young (14336K), 7 survivors (14336K)
 Metaspace       used 176398K, committed 177536K, reserved 1245184K
  class space    used 23731K, committed 24256K, reserved 1048576K
}
Event: 11806.934 GC heap before
{Heap before GC invocations=82 (full 0):
 garbage-first heap   total 585728K, used 252783K [0x0000000700000000, 0x0000000800000000)
  region size 2048K, 14 young (28672K), 7 survivors (14336K)
 Metaspace       used 177896K, committed 179072K, reserved 1245184K
  class space    used 23904K, committed 24448K, reserved 1048576K
}
Event: 11806.951 GC heap after
{Heap after GC invocations=83 (full 0):
 garbage-first heap   total 585728K, used 211640K [0x0000000700000000, 0x0000000800000000)
  region size 2048K, 2 young (4096K), 2 survivors (4096K)
 Metaspace       used 177896K, committed 179072K, reserved 1245184K
  class space    used 23904K, committed 24448K, reserved 1048576K
}
Event: 11808.803 GC heap before
{Heap before GC invocations=83 (full 0):
 garbage-first heap   total 585728K, used 434872K [0x0000000700000000, 0x0000000800000000)
  region size 2048K, 111 young (227328K), 2 survivors (4096K)
 Metaspace       used 198060K, committed 199168K, reserved 1245184K
  class space    used 26036K, committed 26560K, reserved 1048576K
}
Event: 11808.816 GC heap after
{Heap after GC invocations=84 (full 0):
 garbage-first heap   total 585728K, used 223321K [0x0000000700000000, 0x0000000800000000)
  region size 2048K, 7 young (14336K), 7 survivors (14336K)
 Metaspace       used 198060K, committed 199168K, reserved 1245184K
  class space    used 26036K, committed 26560K, reserved 1048576K
}
Event: 11811.073 GC heap before
{Heap before GC invocations=85 (full 0):
 garbage-first heap   total 585728K, used 471129K [0x0000000700000000, 0x0000000800000000)
  region size 2048K, 116 young (237568K), 7 survivors (14336K)
 Metaspace       used 202786K, committed 203904K, reserved 1245184K
  class space    used 26412K, committed 26944K, reserved 1048576K
}
Event: 11811.103 GC heap after
{Heap after GC invocations=86 (full 0):
 garbage-first heap   total 585728K, used 257692K [0x0000000700000000, 0x0000000800000000)
  region size 2048K, 15 young (30720K), 15 survivors (30720K)
 Metaspace       used 202786K, committed 203904K, reserved 1245184K
  class space    used 26412K, committed 26944K, reserved 1048576K
}
Event: 11811.140 GC heap before
{Heap before GC invocations=86 (full 0):
 garbage-first heap   total 585728K, used 259740K [0x0000000700000000, 0x0000000800000000)
  region size 2048K, 16 young (32768K), 15 survivors (30720K)
 Metaspace       used 202835K, committed 203968K, reserved 1245184K
  class space    used 26412K, committed 26944K, reserved 1048576K
}
Event: 11811.163 GC heap after
{Heap after GC invocations=87 (full 0):
 garbage-first heap   total 585728K, used 245164K [0x0000000700000000, 0x0000000800000000)
  region size 2048K, 2 young (4096K), 2 survivors (4096K)
 Metaspace       used 202835K, committed 203968K, reserved 1245184K
  class space    used 26412K, committed 26944K, reserved 1048576K
}
Event: 11811.952 GC heap before
{Heap before GC invocations=87 (full 0):
 garbage-first heap   total 585728K, used 302508K [0x0000000700000000, 0x0000000800000000)
  region size 2048K, 32 young (65536K), 2 survivors (4096K)
 Metaspace       used 206570K, committed 207680K, reserved 1245184K
  class space    used 26731K, committed 27264K, reserved 1048576K
}

